Design: bp_fe_top

Liberty: 
./platforms/nangate45/NangateOpenCellLibrary_typical.lib
./srams/nangate45_120x64_1P_bit/nangate45_120x64_1P_bit.lib
./srams/nangate45_64x512_1P_BM/nangate45_64x512_1P_BM.lib
./srams/nangate45_8x64_1P_bit/nangate45_8x64_1P_bit.lib

Verilog: 
./results/bp_fe_top/synth.v


Sdc: 
./results/bp_fe_top/synth.sdc

Lef: 
./tech/bp_fe_top/merged_padded.lef

Def: 
./results/bp_fe_top/init_tdms.def

Output: 
bp_fe_top

Search Depth: 
3

globalConfig: 
./ip_global.cfg

localConfig: 


LEF/DEF Parsing... Done!

Parsing globalConfig: ./ip_global.cfg ... Done!
Extracting Macro Cells... Done!
Extracted # Macros: 11
OpenSTA Copyright (c) 2018, Parallax Software, Inc.
License GPLv3: GNU GPL version 3 <http://gnu.org/licenses/gpl.html>

This is free software, and you are free to change and redistribute it
under certain conditions; type `show_copying' for details. 
This program comes with ABSOLUTELY NO WARRANTY; for details type `show_warranty'.
OpenSTA Object Starting... Linking in OpenSTA ...
Successfully linked: bp_fe_top
Warning: synth.sdc, 2 capacitance scale 1e-12 does not match library scale 1e-15.
Done!
OpenSTA numEdge: 233240
OpenSTA numVertex: 142814

Pin Group Classification Info: 
East: 510
West: 521
North: 513
South: 501
Generating Sequantial Graph...
Vertex Building: 0s
Edge Building for Non-FF: 10s
Edge Building for IO: 23s
Sequential Graph Building is Done!
Vertex: 6557
Edge: 800393
searchVertSize: 15
[ icache.data_mems_0__data_mem.macro_mem --> icache.data_mems_1__data_mem.macro_mem ]
[ icache.data_mems_0__data_mem.macro_mem --> icache.data_mems_2__data_mem.macro_mem ]
[ icache.data_mems_0__data_mem.macro_mem --> icache.data_mems_3__data_mem.macro_mem ]
[ icache.data_mems_0__data_mem.macro_mem --> icache.data_mems_4__data_mem.macro_mem ]
[ icache.data_mems_0__data_mem.macro_mem --> icache.data_mems_5__data_mem.macro_mem ]
[ icache.data_mems_0__data_mem.macro_mem --> icache.data_mems_6__data_mem.macro_mem ]
[ icache.data_mems_0__data_mem.macro_mem --> icache.data_mems_7__data_mem.macro_mem ]
[ icache.data_mems_0__data_mem.macro_mem --> icache.stat_mem.macro_mem ]
[ icache.data_mems_0__data_mem.macro_mem --> icache.tag_mem.macro_mem0 ]
[ icache.data_mems_0__data_mem.macro_mem --> icache.tag_mem.macro_mem1 ]
[ icache.data_mems_0__data_mem.macro_mem --> West ]
[ icache.data_mems_0__data_mem.macro_mem --> East ]
[ icache.data_mems_0__data_mem.macro_mem --> North ]
[ icache.data_mems_0__data_mem.macro_mem --> South ]
[ icache.data_mems_1__data_mem.macro_mem --> icache.data_mems_0__data_mem.macro_mem ]
[ icache.data_mems_1__data_mem.macro_mem --> icache.data_mems_2__data_mem.macro_mem ]
[ icache.data_mems_1__data_mem.macro_mem --> icache.data_mems_3__data_mem.macro_mem ]
[ icache.data_mems_1__data_mem.macro_mem --> icache.data_mems_4__data_mem.macro_mem ]
[ icache.data_mems_1__data_mem.macro_mem --> icache.data_mems_5__data_mem.macro_mem ]
[ icache.data_mems_1__data_mem.macro_mem --> icache.data_mems_6__data_mem.macro_mem ]
[ icache.data_mems_1__data_mem.macro_mem --> icache.data_mems_7__data_mem.macro_mem ]
[ icache.data_mems_1__data_mem.macro_mem --> icache.stat_mem.macro_mem ]
[ icache.data_mems_1__data_mem.macro_mem --> icache.tag_mem.macro_mem0 ]
[ icache.data_mems_1__data_mem.macro_mem --> icache.tag_mem.macro_mem1 ]
[ icache.data_mems_1__data_mem.macro_mem --> West ]
[ icache.data_mems_1__data_mem.macro_mem --> East ]
[ icache.data_mems_1__data_mem.macro_mem --> North ]
[ icache.data_mems_1__data_mem.macro_mem --> South ]
[ icache.data_mems_2__data_mem.macro_mem --> icache.data_mems_0__data_mem.macro_mem ]
[ icache.data_mems_2__data_mem.macro_mem --> icache.data_mems_1__data_mem.macro_mem ]
[ icache.data_mems_2__data_mem.macro_mem --> icache.data_mems_3__data_mem.macro_mem ]
[ icache.data_mems_2__data_mem.macro_mem --> icache.data_mems_4__data_mem.macro_mem ]
[ icache.data_mems_2__data_mem.macro_mem --> icache.data_mems_5__data_mem.macro_mem ]
[ icache.data_mems_2__data_mem.macro_mem --> icache.data_mems_6__data_mem.macro_mem ]
[ icache.data_mems_2__data_mem.macro_mem --> icache.data_mems_7__data_mem.macro_mem ]
[ icache.data_mems_2__data_mem.macro_mem --> icache.stat_mem.macro_mem ]
[ icache.data_mems_2__data_mem.macro_mem --> icache.tag_mem.macro_mem0 ]
[ icache.data_mems_2__data_mem.macro_mem --> icache.tag_mem.macro_mem1 ]
[ icache.data_mems_2__data_mem.macro_mem --> West ]
[ icache.data_mems_2__data_mem.macro_mem --> East ]
[ icache.data_mems_2__data_mem.macro_mem --> North ]
[ icache.data_mems_2__data_mem.macro_mem --> South ]
[ icache.data_mems_3__data_mem.macro_mem --> icache.data_mems_0__data_mem.macro_mem ]
[ icache.data_mems_3__data_mem.macro_mem --> icache.data_mems_1__data_mem.macro_mem ]
[ icache.data_mems_3__data_mem.macro_mem --> icache.data_mems_2__data_mem.macro_mem ]
[ icache.data_mems_3__data_mem.macro_mem --> icache.data_mems_4__data_mem.macro_mem ]
[ icache.data_mems_3__data_mem.macro_mem --> icache.data_mems_5__data_mem.macro_mem ]
[ icache.data_mems_3__data_mem.macro_mem --> icache.data_mems_6__data_mem.macro_mem ]
[ icache.data_mems_3__data_mem.macro_mem --> icache.data_mems_7__data_mem.macro_mem ]
[ icache.data_mems_3__data_mem.macro_mem --> icache.stat_mem.macro_mem ]
[ icache.data_mems_3__data_mem.macro_mem --> icache.tag_mem.macro_mem0 ]
[ icache.data_mems_3__data_mem.macro_mem --> icache.tag_mem.macro_mem1 ]
[ icache.data_mems_3__data_mem.macro_mem --> West ]
[ icache.data_mems_3__data_mem.macro_mem --> East ]
[ icache.data_mems_3__data_mem.macro_mem --> North ]
[ icache.data_mems_3__data_mem.macro_mem --> South ]
[ icache.data_mems_4__data_mem.macro_mem --> icache.data_mems_0__data_mem.macro_mem ]
[ icache.data_mems_4__data_mem.macro_mem --> icache.data_mems_1__data_mem.macro_mem ]
[ icache.data_mems_4__data_mem.macro_mem --> icache.data_mems_2__data_mem.macro_mem ]
[ icache.data_mems_4__data_mem.macro_mem --> icache.data_mems_3__data_mem.macro_mem ]
[ icache.data_mems_4__data_mem.macro_mem --> icache.data_mems_5__data_mem.macro_mem ]
[ icache.data_mems_4__data_mem.macro_mem --> icache.data_mems_6__data_mem.macro_mem ]
[ icache.data_mems_4__data_mem.macro_mem --> icache.data_mems_7__data_mem.macro_mem ]
[ icache.data_mems_4__data_mem.macro_mem --> icache.stat_mem.macro_mem ]
[ icache.data_mems_4__data_mem.macro_mem --> icache.tag_mem.macro_mem0 ]
[ icache.data_mems_4__data_mem.macro_mem --> icache.tag_mem.macro_mem1 ]
[ icache.data_mems_4__data_mem.macro_mem --> West ]
[ icache.data_mems_4__data_mem.macro_mem --> East ]
[ icache.data_mems_4__data_mem.macro_mem --> North ]
[ icache.data_mems_4__data_mem.macro_mem --> South ]
[ icache.data_mems_5__data_mem.macro_mem --> icache.data_mems_0__data_mem.macro_mem ]
[ icache.data_mems_5__data_mem.macro_mem --> icache.data_mems_1__data_mem.macro_mem ]
[ icache.data_mems_5__data_mem.macro_mem --> icache.data_mems_2__data_mem.macro_mem ]
[ icache.data_mems_5__data_mem.macro_mem --> icache.data_mems_3__data_mem.macro_mem ]
[ icache.data_mems_5__data_mem.macro_mem --> icache.data_mems_4__data_mem.macro_mem ]
[ icache.data_mems_5__data_mem.macro_mem --> icache.data_mems_6__data_mem.macro_mem ]
[ icache.data_mems_5__data_mem.macro_mem --> icache.data_mems_7__data_mem.macro_mem ]
[ icache.data_mems_5__data_mem.macro_mem --> icache.stat_mem.macro_mem ]
[ icache.data_mems_5__data_mem.macro_mem --> icache.tag_mem.macro_mem0 ]
[ icache.data_mems_5__data_mem.macro_mem --> icache.tag_mem.macro_mem1 ]
[ icache.data_mems_5__data_mem.macro_mem --> West ]
[ icache.data_mems_5__data_mem.macro_mem --> East ]
[ icache.data_mems_5__data_mem.macro_mem --> North ]
[ icache.data_mems_5__data_mem.macro_mem --> South ]
[ icache.data_mems_6__data_mem.macro_mem --> icache.data_mems_0__data_mem.macro_mem ]
[ icache.data_mems_6__data_mem.macro_mem --> icache.data_mems_1__data_mem.macro_mem ]
[ icache.data_mems_6__data_mem.macro_mem --> icache.data_mems_2__data_mem.macro_mem ]
[ icache.data_mems_6__data_mem.macro_mem --> icache.data_mems_3__data_mem.macro_mem ]
[ icache.data_mems_6__data_mem.macro_mem --> icache.data_mems_4__data_mem.macro_mem ]
[ icache.data_mems_6__data_mem.macro_mem --> icache.data_mems_5__data_mem.macro_mem ]
[ icache.data_mems_6__data_mem.macro_mem --> icache.data_mems_7__data_mem.macro_mem ]
[ icache.data_mems_6__data_mem.macro_mem --> icache.stat_mem.macro_mem ]
[ icache.data_mems_6__data_mem.macro_mem --> icache.tag_mem.macro_mem0 ]
[ icache.data_mems_6__data_mem.macro_mem --> icache.tag_mem.macro_mem1 ]
[ icache.data_mems_6__data_mem.macro_mem --> West ]
[ icache.data_mems_6__data_mem.macro_mem --> East ]
[ icache.data_mems_6__data_mem.macro_mem --> North ]
[ icache.data_mems_6__data_mem.macro_mem --> South ]
[ icache.data_mems_7__data_mem.macro_mem --> icache.data_mems_0__data_mem.macro_mem ]
[ icache.data_mems_7__data_mem.macro_mem --> icache.data_mems_1__data_mem.macro_mem ]
[ icache.data_mems_7__data_mem.macro_mem --> icache.data_mems_2__data_mem.macro_mem ]
[ icache.data_mems_7__data_mem.macro_mem --> icache.data_mems_3__data_mem.macro_mem ]
[ icache.data_mems_7__data_mem.macro_mem --> icache.data_mems_4__data_mem.macro_mem ]
[ icache.data_mems_7__data_mem.macro_mem --> icache.data_mems_5__data_mem.macro_mem ]
[ icache.data_mems_7__data_mem.macro_mem --> icache.data_mems_6__data_mem.macro_mem ]
[ icache.data_mems_7__data_mem.macro_mem --> icache.stat_mem.macro_mem ]
[ icache.data_mems_7__data_mem.macro_mem --> icache.tag_mem.macro_mem0 ]
[ icache.data_mems_7__data_mem.macro_mem --> icache.tag_mem.macro_mem1 ]
[ icache.data_mems_7__data_mem.macro_mem --> West ]
[ icache.data_mems_7__data_mem.macro_mem --> East ]
[ icache.data_mems_7__data_mem.macro_mem --> North ]
[ icache.data_mems_7__data_mem.macro_mem --> South ]
[ icache.stat_mem.macro_mem --> icache.data_mems_0__data_mem.macro_mem ]
[ icache.stat_mem.macro_mem --> icache.data_mems_1__data_mem.macro_mem ]
[ icache.stat_mem.macro_mem --> icache.data_mems_2__data_mem.macro_mem ]
[ icache.stat_mem.macro_mem --> icache.data_mems_3__data_mem.macro_mem ]
[ icache.stat_mem.macro_mem --> icache.data_mems_4__data_mem.macro_mem ]
[ icache.stat_mem.macro_mem --> icache.data_mems_5__data_mem.macro_mem ]
[ icache.stat_mem.macro_mem --> icache.data_mems_6__data_mem.macro_mem ]
[ icache.stat_mem.macro_mem --> icache.data_mems_7__data_mem.macro_mem ]
[ icache.stat_mem.macro_mem --> icache.tag_mem.macro_mem0 ]
[ icache.stat_mem.macro_mem --> icache.tag_mem.macro_mem1 ]
[ icache.stat_mem.macro_mem --> West ]
[ icache.stat_mem.macro_mem --> East ]
[ icache.stat_mem.macro_mem --> North ]
[ icache.stat_mem.macro_mem --> South ]
[ icache.tag_mem.macro_mem0 --> icache.data_mems_0__data_mem.macro_mem ]
[ icache.tag_mem.macro_mem0 --> icache.data_mems_1__data_mem.macro_mem ]
[ icache.tag_mem.macro_mem0 --> icache.data_mems_2__data_mem.macro_mem ]
[ icache.tag_mem.macro_mem0 --> icache.data_mems_3__data_mem.macro_mem ]
[ icache.tag_mem.macro_mem0 --> icache.data_mems_4__data_mem.macro_mem ]
[ icache.tag_mem.macro_mem0 --> icache.data_mems_5__data_mem.macro_mem ]
[ icache.tag_mem.macro_mem0 --> icache.data_mems_6__data_mem.macro_mem ]
[ icache.tag_mem.macro_mem0 --> icache.data_mems_7__data_mem.macro_mem ]
[ icache.tag_mem.macro_mem0 --> icache.stat_mem.macro_mem ]
[ icache.tag_mem.macro_mem0 --> icache.tag_mem.macro_mem1 ]
[ icache.tag_mem.macro_mem0 --> West ]
[ icache.tag_mem.macro_mem0 --> East ]
[ icache.tag_mem.macro_mem0 --> North ]
[ icache.tag_mem.macro_mem0 --> South ]
[ icache.tag_mem.macro_mem1 --> icache.data_mems_0__data_mem.macro_mem ]
[ icache.tag_mem.macro_mem1 --> icache.data_mems_1__data_mem.macro_mem ]
[ icache.tag_mem.macro_mem1 --> icache.data_mems_2__data_mem.macro_mem ]
[ icache.tag_mem.macro_mem1 --> icache.data_mems_3__data_mem.macro_mem ]
[ icache.tag_mem.macro_mem1 --> icache.data_mems_4__data_mem.macro_mem ]
[ icache.tag_mem.macro_mem1 --> icache.data_mems_5__data_mem.macro_mem ]
[ icache.tag_mem.macro_mem1 --> icache.data_mems_6__data_mem.macro_mem ]
[ icache.tag_mem.macro_mem1 --> icache.data_mems_7__data_mem.macro_mem ]
[ icache.tag_mem.macro_mem1 --> icache.stat_mem.macro_mem ]
[ icache.tag_mem.macro_mem1 --> icache.tag_mem.macro_mem0 ]
[ icache.tag_mem.macro_mem1 --> West ]
[ icache.tag_mem.macro_mem1 --> East ]
[ icache.tag_mem.macro_mem1 --> North ]
[ icache.tag_mem.macro_mem1 --> South ]
[ West --> icache.data_mems_0__data_mem.macro_mem ]
[ West --> icache.data_mems_1__data_mem.macro_mem ]
[ West --> icache.data_mems_2__data_mem.macro_mem ]
[ West --> icache.data_mems_3__data_mem.macro_mem ]
[ West --> icache.data_mems_4__data_mem.macro_mem ]
[ West --> icache.data_mems_5__data_mem.macro_mem ]
[ West --> icache.data_mems_6__data_mem.macro_mem ]
[ West --> icache.data_mems_7__data_mem.macro_mem ]
[ West --> icache.stat_mem.macro_mem ]
[ West --> icache.tag_mem.macro_mem0 ]
[ West --> icache.tag_mem.macro_mem1 ]
[ East --> icache.data_mems_0__data_mem.macro_mem ]
[ East --> icache.data_mems_1__data_mem.macro_mem ]
[ East --> icache.data_mems_2__data_mem.macro_mem ]
[ East --> icache.data_mems_3__data_mem.macro_mem ]
[ East --> icache.data_mems_4__data_mem.macro_mem ]
[ East --> icache.data_mems_5__data_mem.macro_mem ]
[ East --> icache.data_mems_6__data_mem.macro_mem ]
[ East --> icache.data_mems_7__data_mem.macro_mem ]
[ East --> icache.stat_mem.macro_mem ]
[ East --> icache.tag_mem.macro_mem0 ]
[ East --> icache.tag_mem.macro_mem1 ]
[ North --> icache.data_mems_0__data_mem.macro_mem ]
[ North --> icache.data_mems_1__data_mem.macro_mem ]
[ North --> icache.data_mems_2__data_mem.macro_mem ]
[ North --> icache.data_mems_3__data_mem.macro_mem ]
[ North --> icache.data_mems_4__data_mem.macro_mem ]
[ North --> icache.data_mems_5__data_mem.macro_mem ]
[ North --> icache.data_mems_6__data_mem.macro_mem ]
[ North --> icache.data_mems_7__data_mem.macro_mem ]
[ North --> icache.stat_mem.macro_mem ]
[ North --> icache.tag_mem.macro_mem0 ]
[ North --> icache.tag_mem.macro_mem1 ]
[ South --> icache.data_mems_0__data_mem.macro_mem ]
[ South --> icache.data_mems_1__data_mem.macro_mem ]
[ South --> icache.data_mems_2__data_mem.macro_mem ]
[ South --> icache.data_mems_3__data_mem.macro_mem ]
[ South --> icache.data_mems_4__data_mem.macro_mem ]
[ South --> icache.data_mems_5__data_mem.macro_mem ]
[ South --> icache.data_mems_6__data_mem.macro_mem ]
[ South --> icache.data_mems_7__data_mem.macro_mem ]
[ South --> icache.stat_mem.macro_mem ]
[ South --> icache.tag_mem.macro_mem0 ]
[ South --> icache.tag_mem.macro_mem1 ]
BFS Search: 0s
0 0 0 0 0 0 0 0 0 0 0 0 0 0 0 
0 0 0 0 0 0 0 0 0 0 0 0 0 0 0 
0 0 0 0 0 0 0 0 0 0 0 0 0 0 0 
0 0 0 0 0 0 0 0 0 0 0 0 0 0 0 
0 0 0 0 0 0 0 0 0 0 0 0 0 0 0 
0 0 0 0 0 0 0 0 0 0 0 0 0 0 0 
0 0 0 0 0 0 0 0 0 0 0 0 0 0 0 
0 0 0 0 0 0 0 0 0 0 0 0 0 0 0 
0 0 0 0 0 0 0 0 0 0 0 0 0 0 0 
393240 393240 393240 393240 393240 393240 393240 393240 368329 0 338836 2599726 2088253 2023757 1949612 
393240 393240 393240 393240 393240 393240 393240 393240 368764 338836 0 2598856 2085208 2022452 1949612 
0 0 0 0 0 0 0 0 0 0 0 0 0 0 0 
0 0 0 0 0 0 0 0 0 0 0 0 0 0 0 
0 0 0 0 0 0 0 0 0 0 0 0 0 0 0 
0 0 0 0 0 0 0 0 0 0 0 0 0 0 0 
Macro Stub Placement process... cinfo: 1000 1000
GRID Width: 5000 Height: 5000
2386 1185 prev: 1 cur: 3
overlap!!
3362 3237 prev: 1 cur: 3
overlap!!
1672 495 prev: 1 cur: 6
overlap!!
2421 3117 prev: 4 cur: 6
overlap!!
2456 2070 prev: 2 cur: 5
overlap!!
3496 1 prev: 0 cur: 1
overlap!!
3582 2960 prev: 6 cur: 7
overlap!!
434 1953 prev: 0 cur: 3
overlap!!
1932 2170 prev: 3 cur: 6
overlap!!
3594 1619 prev: 0 cur: 7
overlap!!
1365 1104 prev: 1 cur: 10
overlap!!
28 2964 prev: 2 cur: 4
overlap!!
1921 1555 prev: 1 cur: 6
overlap!!
1743 3510 prev: 7 cur: 8
overlap!!
1529 2575 prev: 5 cur: 6
overlap!!
2318 1738 prev: 0 cur: 1
overlap!!
943 1679 prev: 2 cur: 3
overlap!!
3917 738 prev: 2 cur: 5
overlap!!
4490 4384 prev: 1 cur: 2
overlap!!
848 2816 prev: 4 cur: 8
overlap!!
3122 1425 prev: 0 cur: 7
overlap!!
3282 3136 prev: 0 cur: 4
overlap!!
1952 1929 prev: 3 cur: 6
overlap!!
3899 3906 prev: 4 cur: 5
overlap!!
3584 3470 prev: 0 cur: 3
overlap!!
2590 4334 prev: 0 cur: 1
overlap!!
2445 4380 prev: 1 cur: 6
overlap!!
4213 4351 prev: 1 cur: 2
overlap!!
4221 2388 prev: 2 cur: 5
overlap!!
1127 1118 prev: 0 cur: 1
overlap!!
3420 1514 prev: 0 cur: 4
overlap!!
1709 3680 prev: 6 cur: 7
overlap!!
3273 2586 prev: 4 cur: 5
overlap!!
1444 2802 prev: 3 cur: 7
overlap!!
3202 2523 prev: 0 cur: 5
overlap!!
390 1954 prev: 2 cur: 4
overlap!!
500 686 prev: 2 cur: 9
overlap!!
2157 1189 prev: 1 cur: 9
overlap!!
647 872 prev: 0 cur: 3
overlap!!
3504 2136 prev: 4 cur: 9
overlap!!
1329 1120 prev: 4 cur: 5
overlap!!
1041 4390 prev: 0 cur: 6
overlap!!
Done
MACRO icache.data_mems_0__data_mem.macro_mem nangate45_64x512_1P_BM 599 44 100 101
5 5 10 10
MACRO icache.data_mems_1__data_mem.macro_mem nangate45_64x512_1P_BM 735 787 100 101
5 5 10 10
MACRO icache.data_mems_2__data_mem.macro_mem nangate45_64x512_1P_BM 138 214 100 101
5 5 10 10
MACRO icache.data_mems_3__data_mem.macro_mem nangate45_64x512_1P_BM 805 241 100 101
5 5 10 10
MACRO icache.data_mems_4__data_mem.macro_mem nangate45_64x512_1P_BM 123 654 100 101
5 5 10 10
MACRO icache.data_mems_5__data_mem.macro_mem nangate45_64x512_1P_BM 441 875 100 101
5 5 10 10
MACRO icache.data_mems_6__data_mem.macro_mem nangate45_64x512_1P_BM 762 426 100 101
5 5 10 10
MACRO icache.data_mems_7__data_mem.macro_mem nangate45_64x512_1P_BM 620 238 100 101
5 5 10 10
MACRO icache.stat_mem.macro_mem nangate45_8x64_1P_bit 145 365 100 101
5 5 10 10
MACRO icache.tag_mem.macro_mem0 nangate45_120x64_1P_bit 483 208 100 201
5 5 10 10
MACRO icache.tag_mem.macro_mem1 nangate45_120x64_1P_bit 616 385 100 201
5 5 10 10
0
500
1000
Total Extracted Sets: 1

OutPut Plot file is bp_fe_top_best.plt
Finished
